<?xml version="1.0" encoding="UTF-8" ?>
<testsuites>
  <testsuite name="DAOS IO tests" time="160.920" tests="35" failures="0" errors="0" skipped="2" >
    <testcase name="IO1: simple update/fetch/verify" time="0.065" >
    </testcase>
    <testcase name="IO2: simple update/fetch/verify (async)" time="0.014" >
    </testcase>
    <testcase name="IO3: i/o with variable rec size" time="0.200" >
    </testcase>
    <testcase name="IO4: i/o with variable rec size(async)" time="0.286" >
    </testcase>
    <testcase name="IO5: i/o with variable dkey size" time="0.206" >
    </testcase>
    <testcase name="IO6: i/o with variable akey size" time="0.176" >
    </testcase>
    <testcase name="IO7: i/o with variable index" time="0.251" >
    </testcase>
    <testcase name="IO8: variable size record overwrite" time="0.137" >
    </testcase>
    <testcase name="IO9: simple enumerate" time="143.175" >
    </testcase>
    <testcase name="IO10: simple punch" time="0.063" >
    </testcase>
    <testcase name="IO11: multiple record update/fetch/verify" time="0.045" >
    </testcase>
    <testcase name="IO12: complex update/fetch/verify" time="0.183" >
    </testcase>
    <testcase name="IO13: basic byte array with record size fetching" time="0.012" >
    </testcase>
    <testcase name="IO14: timeout simple update" time="0.216" >
    </testcase>
    <testcase name="IO15: timeout simple fetch" time="0.026" >
    </testcase>
    <testcase name="IO16: timeout on 1 shard simple update" time="0.011" >
    </testcase>
    <testcase name="IO17: transaction discard" time="0.101" >
    </testcase>
    <testcase name="IO18: transaction commit" time="0.138" >
    </testcase>
    <testcase name="IO19: no space" time="0.163" >
    </testcase>
    <testcase name="IO20: fetch size with NULL sgl" time="0.090" >
    </testcase>
    <testcase name="IO21: io crt error" time="0.009" >
    </testcase>
    <testcase name="IO22: io crt error (async)" time="0.055" >
    </testcase>
    <testcase name="IO23: io crt req create timeout (sync)" time="0.058" >
    </testcase>
    <testcase name="IO24: io crt req create timeout (async)" time="0.002" >
    </testcase>
    <testcase name="IO25: Read from unwritten records" time="0.001" >
    </testcase>
    <testcase name="IO26: Read from large unwritten records" time="0.077" >
    </testcase>
    <testcase name="IO27: written records repeatly" time="0.017" >
    </testcase>
    <testcase name="IO28: echo fetch/update" time="0.016" >
    </testcase>
    <testcase name="IO29: basic object key query testing" time="0.019" >
    </testcase>
    <testcase name="IO30: shard target idx change cause retry" time="0.000" >
      <skipped/>
    </testcase>
    <testcase name="IO31: fetch when all replicas unavailable" time="0.000" >
      <skipped/>
    </testcase>
    <testcase name="IO32: update with overlapped recxs" time="0.000" >
    </testcase>
    <testcase name="IO33: trigger blob unmap" time="15.062" >
    </testcase>
    <testcase name="IO34: punch then lookup" time="0.014" >
    </testcase>
    <testcase name="IO35: split update fetch" time="0.034" >
    </testcase>
  </testsuite>
</testsuites>
