<?xml version="1.0" encoding="UTF-8" ?>
<testsuites>
  <testsuite name="Pool tests" time="5.256" tests="10" failures="0" errors="0" skipped="0" >
    <testcase name="POOL1: connect to non-existing pool" time="0.031" >
    </testcase>
    <testcase name="POOL2: connect/disconnect to pool" time="0.376" >
    </testcase>
    <testcase name="POOL3: connect/disconnect to pool (async)" time="0.389" >
    </testcase>
    <testcase name="POOL4: pool handle local2global and global2local" time="0.434" >
    </testcase>
    <testcase name="POOL5: exclusive connection" time="0.788" >
    </testcase>
    <testcase name="POOL6: exclude targets and query pool info" time="0.000" >
    </testcase>
    <testcase name="POOL7: set/get/list user-defined pool attributes (sync)" time="0.005" >
    </testcase>
    <testcase name="POOL8: set/get/list user-defined pool attributes (async)" time="0.004" >
    </testcase>
    <testcase name="POOL9: pool reconnect after daos re-init" time="0.366" >
    </testcase>
    <testcase name="POOL10: pool create with properties and query" time="2.864" >
    </testcase>
  </testsuite>
</testsuites>
