<?xml version="1.0" encoding="UTF-8" ?>
<testsuites>
  <testsuite name="DAOS Array tests" time="1.769" tests="13" failures="0" errors="0" skipped="0" >
    <testcase name="ARRAY1: byte array with buffer on stack" time="0.015" >
    </testcase>
    <testcase name="ARRAY2: array of uint8_t" time="0.058" >
    </testcase>
    <testcase name="ARRAY3: array of uint16_t" time="0.035" >
    </testcase>
    <testcase name="ARRAY4: array of uint32_t" time="0.056" >
    </testcase>
    <testcase name="ARRAY5: array of uint64_t" time="0.020" >
    </testcase>
    <testcase name="ARRAY6: array of 131071-byte records" time="0.084" >
    </testcase>
    <testcase name="ARRAY7: array of 1MB records" time="0.614" >
    </testcase>
    <testcase name="ARRAY8: partial I/O on array" time="0.040" >
    </testcase>
    <testcase name="ARRAY9: segfault replicator" time="0.138" >
    </testcase>
    <testcase name="ARRAY10: read from empty object" time="0.022" >
    </testcase>
    <testcase name="ARRAY11: Array DKEY punch/enumerate" time="0.158" >
    </testcase>
    <testcase name="ARRAY12: Array AKEY punch/enumerate" time="0.281" >
    </testcase>
    <testcase name="ARRAY13: Array RECX punch/enumerate" time="0.248" >
    </testcase>
  </testsuite>
</testsuites>
