<?xml version="1.0" encoding="UTF-8" ?>
<testsuites>
  <testsuite name="DAOS capability tests" time="0.266" tests="7" failures="0" errors="0" skipped="3" >
    <testcase name="CAPA1: query pool with invalid pool handle" time="0.034" >
    </testcase>
    <testcase name="CAPA2: create container with invalid pool handle" time="0.039" >
    </testcase>
    <testcase name="CAPA3: destroy container with invalid pool handle" time="0.134" >
    </testcase>
    <testcase name="CAPA4: open container with invalid pool handle" time="0.057" >
    </testcase>
    <testcase name="CAPA5: update/fetch with invalid pool handle" time="0.000" >
      <skipped/>
    </testcase>
    <testcase name="CAPA6: update/fetch with invalid container handle" time="0.000" >
      <skipped/>
    </testcase>
    <testcase name="CAPA7: update with read-only container handle" time="0.000" >
      <skipped/>
    </testcase>
  </testsuite>
</testsuites>
